<?xml version="1.0" encoding="UTF-8"?>
<testng-results skipped="0" failed="0" ignored="0" total="1" passed="1">
  <reporter-output>
  </reporter-output>
  <suite name="Default suite" duration-ms="18571" started-at="2021-12-03T12:37:25Z" finished-at="2021-12-03T12:37:43Z">
    <groups>
    </groups>
    <test name="Default test" duration-ms="18571" started-at="2021-12-03T12:37:25Z" finished-at="2021-12-03T12:37:43Z">
      <class name="fullCreativeTest.test.FirstTest">
        <test-method status="PASS" signature="initializeDriver()[pri:0, instance:fullCreativeTest.test.FirstTest@7e0b0338]" name="initializeDriver" is-config="true" duration-ms="6865" started-at="2021-12-03T12:37:25Z" finished-at="2021-12-03T12:37:32Z">
          <reporter-output>
          </reporter-output>
        </test-method> <!-- initializeDriver -->
        <test-method status="PASS" signature="canvasTest()[pri:0, instance:fullCreativeTest.test.FirstTest@7e0b0338]" name="canvasTest" duration-ms="10838" started-at="2021-12-03T12:37:32Z" finished-at="2021-12-03T12:37:43Z">
          <reporter-output>
          </reporter-output>
        </test-method> <!-- canvasTest -->
        <test-method status="PASS" signature="quitDriver()[pri:0, instance:fullCreativeTest.test.FirstTest@7e0b0338]" name="quitDriver" is-config="true" duration-ms="849" started-at="2021-12-03T12:37:43Z" finished-at="2021-12-03T12:37:43Z">
          <reporter-output>
          </reporter-output>
        </test-method> <!-- quitDriver -->
      </class> <!-- fullCreativeTest.test.FirstTest -->
    </test> <!-- Default test -->
  </suite> <!-- Default suite -->
</testng-results>
