<?xml version="1.0" encoding="UTF-8"?>
<testng-results skipped="0" failed="0" ignored="1" total="2" passed="1">
  <reporter-output>
  </reporter-output>
  <suite name="Default suite" duration-ms="16382" started-at="2021-12-12T16:50:39Z" finished-at="2021-12-12T16:50:55Z">
    <groups>
    </groups>
    <test name="Default test" duration-ms="16382" started-at="2021-12-12T16:50:39Z" finished-at="2021-12-12T16:50:55Z">
      <class name="fullCreativeTest.test.Task2">
        <test-method status="PASS" signature="initializeDriver()[pri:0, instance:fullCreativeTest.test.Task2@6b81ce95]" name="initializeDriver" is-config="true" duration-ms="5265" started-at="2021-12-12T16:50:39Z" finished-at="2021-12-12T16:50:44Z">
          <reporter-output>
          </reporter-output>
        </test-method> <!-- initializeDriver -->
        <test-method status="PASS" signature="test2()[pri:0, instance:fullCreativeTest.test.Task2@6b81ce95]" name="test2" duration-ms="10324" started-at="2021-12-12T16:50:44Z" description="Shadow DOM" finished-at="2021-12-12T16:50:55Z">
          <reporter-output>
          </reporter-output>
        </test-method> <!-- test2 -->
        <test-method status="PASS" signature="quitDriver()[pri:0, instance:fullCreativeTest.test.Task2@6b81ce95]" name="quitDriver" is-config="true" duration-ms="775" started-at="2021-12-12T16:50:55Z" finished-at="2021-12-12T16:50:55Z">
          <reporter-output>
          </reporter-output>
        </test-method> <!-- quitDriver -->
      </class> <!-- fullCreativeTest.test.Task2 -->
    </test> <!-- Default test -->
  </suite> <!-- Default suite -->
</testng-results>
